<?xml version="1.0" encoding="UTF-8"?>
<testng-results ignored="0" total="2" passed="2" failed="0" skipped="0">
  <reporter-output>
  </reporter-output>
  <suite started-at="2025-08-03T20:46:20 CST" name="Suite" finished-at="2025-08-03T20:46:31 CST" duration-ms="11572">
    <groups>
    </groups>
    <test started-at="2025-08-03T20:46:20 CST" name="Test" finished-at="2025-08-03T20:46:31 CST" duration-ms="11572">
      <class name="GoogleTest.RSATest">
        <test-method signature="HomePageCheck()[pri:0, instance:GoogleTest.RSATest@4f83df68]" started-at="2025-08-03T20:46:20 CST" name="HomePageCheck" finished-at="2025-08-03T20:46:31 CST" duration-ms="11535" status="PASS">
          <reporter-output>
          </reporter-output>
        </test-method> <!-- HomePageCheck -->
      </class> <!-- GoogleTest.RSATest -->
      <class name="GoogleTest.GoogleTest">
        <test-method signature="HomePageCheck()[pri:0, instance:GoogleTest.GoogleTest@1a482e36]" started-at="2025-08-03T20:46:20 CST" name="HomePageCheck" finished-at="2025-08-03T20:46:30 CST" duration-ms="10587" status="PASS">
          <reporter-output>
          </reporter-output>
        </test-method> <!-- HomePageCheck -->
      </class> <!-- GoogleTest.GoogleTest -->
    </test> <!-- Test -->
  </suite> <!-- Suite -->
</testng-results>
